Bond order cutoff:0.3000
Iteration Freq. Molecular formula               Molecular mass
       0   1 x  C3H7O2N                               89.0540
       0  20 x  H2O                                   18.0150
       0   2 x  HCl                                   36.4580
 Total number of molecules: 23
 Total number of atoms: 77
 Total system mass:  522.27
Iteration Freq. Molecular formula               Molecular mass
     250   1 x  C3H7O2N                               89.0540
     250  20 x  H2O                                   18.0150
     250   2 x  HCl                                   36.4580
 Total number of molecules: 23
 Total number of atoms: 77
 Total system mass:  522.27
Iteration Freq. Molecular formula               Molecular mass
     500   1 x  C3H7O2N                               89.0540
     500  20 x  H2O                                   18.0150
     500   2 x  HCl                                   36.4580
 Total number of molecules: 23
 Total number of atoms: 77
 Total system mass:  522.27
Iteration Freq. Molecular formula               Molecular mass
     750   1 x  C3H7O2N                               89.0540
     750  20 x  H2O                                   18.0150
     750   2 x  HCl                                   36.4580
 Total number of molecules: 23
 Total number of atoms: 77
 Total system mass:  522.27
Iteration Freq. Molecular formula               Molecular mass
    1000   1 x  C3H7O2N                               89.0540
    1000  20 x  H2O                                   18.0150
    1000   2 x  HCl                                   36.4580
 Total number of molecules: 23
 Total number of atoms: 77
 Total system mass:  522.27
Iteration Freq. Molecular formula               Molecular mass
    1250   1 x  C3H7O2N                               89.0540
    1250  20 x  H2O                                   18.0150
    1250   2 x  HCl                                   36.4580
 Total number of molecules: 23
 Total number of atoms: 77
 Total system mass:  522.27
Iteration Freq. Molecular formula               Molecular mass
    1500   1 x  C3H7O2N                               89.0540
    1500  20 x  H2O                                   18.0150
    1500   2 x  HCl                                   36.4580
 Total number of molecules: 23
 Total number of atoms: 77
 Total system mass:  522.27
Iteration Freq. Molecular formula               Molecular mass
    1750   1 x  C3H7O2N                               89.0540
    1750  20 x  H2O                                   18.0150
    1750   2 x  HCl                                   36.4580
 Total number of molecules: 23
 Total number of atoms: 77
 Total system mass:  522.27
Iteration Freq. Molecular formula               Molecular mass
    2000   1 x  C3H7O2N                               89.0540
    2000  20 x  H2O                                   18.0150
    2000   2 x  HCl                                   36.4580
 Total number of molecules: 23
 Total number of atoms: 77
 Total system mass:  522.27
Iteration Freq. Molecular formula               Molecular mass
    2250   1 x  C3H7O2N                               89.0540
    2250  20 x  H2O                                   18.0150
    2250   2 x  HCl                                   36.4580
 Total number of molecules: 23
 Total number of atoms: 77
 Total system mass:  522.27
Iteration Freq. Molecular formula               Molecular mass
    2500   1 x  C3H7O2N                               89.0540
    2500  20 x  H2O                                   18.0150
    2500   2 x  HCl                                   36.4580
 Total number of molecules: 23
 Total number of atoms: 77
 Total system mass:  522.27
Iteration Freq. Molecular formula               Molecular mass
    2750   1 x  C3H7O2N                               89.0540
    2750  20 x  H2O                                   18.0150
    2750   2 x  HCl                                   36.4580
 Total number of molecules: 23
 Total number of atoms: 77
 Total system mass:  522.27
Iteration Freq. Molecular formula               Molecular mass
    3000   1 x  C3H7O2N                               89.0540
    3000  20 x  H2O                                   18.0150
    3000   2 x  HCl                                   36.4580
 Total number of molecules: 23
 Total number of atoms: 77
 Total system mass:  522.27
Iteration Freq. Molecular formula               Molecular mass
    3250   1 x  C3H7O2N                               89.0540
    3250  20 x  H2O                                   18.0150
    3250   2 x  HCl                                   36.4580
 Total number of molecules: 23
 Total number of atoms: 77
 Total system mass:  522.27
Iteration Freq. Molecular formula               Molecular mass
    3500   1 x  C3H7O2N                               89.0540
    3500  20 x  H2O                                   18.0150
    3500   2 x  HCl                                   36.4580
 Total number of molecules: 23
 Total number of atoms: 77
 Total system mass:  522.27
Iteration Freq. Molecular formula               Molecular mass
    3750   1 x  C3H7O2N                               89.0540
    3750  19 x  H2O                                   18.0150
    3750   1 x  H3OCl                                 54.4730
    3750   1 x  HCl                                   36.4580
 Total number of molecules: 22
 Total number of atoms: 77
 Total system mass:  522.27
Iteration Freq. Molecular formula               Molecular mass
    4000   1 x  C3H7O2N                               89.0540
    4000  19 x  H2O                                   18.0150
    4000   1 x  H3OCl                                 54.4730
    4000   1 x  HCl                                   36.4580
 Total number of molecules: 22
 Total number of atoms: 77
 Total system mass:  522.27
Iteration Freq. Molecular formula               Molecular mass
    4250   1 x  C3H7O2N                               89.0540
    4250  20 x  H2O                                   18.0150
    4250   2 x  HCl                                   36.4580
 Total number of molecules: 23
 Total number of atoms: 77
 Total system mass:  522.27
Iteration Freq. Molecular formula               Molecular mass
    4500   1 x  C3H7O2N                               89.0540
    4500  20 x  H2O                                   18.0150
    4500   2 x  HCl                                   36.4580
 Total number of molecules: 23
 Total number of atoms: 77
 Total system mass:  522.27
Iteration Freq. Molecular formula               Molecular mass
    4750   1 x  C3H7O2N                               89.0540
    4750  20 x  H2O                                   18.0150
    4750   2 x  HCl                                   36.4580
 Total number of molecules: 23
 Total number of atoms: 77
 Total system mass:  522.27
Iteration Freq. Molecular formula               Molecular mass
    5000   1 x  C3H7O2N                               89.0540
    5000  20 x  H2O                                   18.0150
    5000   2 x  HCl                                   36.4580
 Total number of molecules: 23
 Total number of atoms: 77
 Total system mass:  522.27
Iteration Freq. Molecular formula               Molecular mass
    5250   1 x  C3H7O2N                               89.0540
    5250  20 x  H2O                                   18.0150
    5250   2 x  HCl                                   36.4580
 Total number of molecules: 23
 Total number of atoms: 77
 Total system mass:  522.27
Iteration Freq. Molecular formula               Molecular mass
    5500   1 x  C3H7O2N                               89.0540
    5500  19 x  H2O                                   18.0150
    5500   1 x  H3OCl                                 54.4730
    5500   1 x  HCl                                   36.4580
 Total number of molecules: 22
 Total number of atoms: 77
 Total system mass:  522.27
Iteration Freq. Molecular formula               Molecular mass
    5750   1 x  C3H7O2N                               89.0540
    5750  20 x  H2O                                   18.0150
    5750   2 x  HCl                                   36.4580
 Total number of molecules: 23
 Total number of atoms: 77
 Total system mass:  522.27
Iteration Freq. Molecular formula               Molecular mass
    6000   1 x  C3H7O2N                               89.0540
    6000  20 x  H2O                                   18.0150
    6000   2 x  HCl                                   36.4580
 Total number of molecules: 23
 Total number of atoms: 77
 Total system mass:  522.27
Iteration Freq. Molecular formula               Molecular mass
    6250   1 x  C3H7O2N                               89.0540
    6250  19 x  H2O                                   18.0150
    6250   1 x  H3OCl                                 54.4730
    6250   1 x  HCl                                   36.4580
 Total number of molecules: 22
 Total number of atoms: 77
 Total system mass:  522.27
Iteration Freq. Molecular formula               Molecular mass
    6500   1 x  C3H7O2N                               89.0540
    6500  20 x  H2O                                   18.0150
    6500   2 x  HCl                                   36.4580
 Total number of molecules: 23
 Total number of atoms: 77
 Total system mass:  522.27
Iteration Freq. Molecular formula               Molecular mass
    6750   1 x  C3H7O2N                               89.0540
    6750  20 x  H2O                                   18.0150
    6750   2 x  HCl                                   36.4580
 Total number of molecules: 23
 Total number of atoms: 77
 Total system mass:  522.27
Iteration Freq. Molecular formula               Molecular mass
    7000   1 x  C3H7O2N                               89.0540
    7000  20 x  H2O                                   18.0150
    7000   2 x  HCl                                   36.4580
 Total number of molecules: 23
 Total number of atoms: 77
 Total system mass:  522.27
Iteration Freq. Molecular formula               Molecular mass
    7250   1 x  C3H7O2N                               89.0540
    7250  20 x  H2O                                   18.0150
    7250   2 x  HCl                                   36.4580
 Total number of molecules: 23
 Total number of atoms: 77
 Total system mass:  522.27
Iteration Freq. Molecular formula               Molecular mass
    7500   1 x  C3H7O2N                               89.0540
    7500  20 x  H2O                                   18.0150
    7500   2 x  HCl                                   36.4580
 Total number of molecules: 23
 Total number of atoms: 77
 Total system mass:  522.27
Iteration Freq. Molecular formula               Molecular mass
    7750   1 x  C3H7O2N                               89.0540
    7750  20 x  H2O                                   18.0150
    7750   2 x  HCl                                   36.4580
 Total number of molecules: 23
 Total number of atoms: 77
 Total system mass:  522.27
Iteration Freq. Molecular formula               Molecular mass
    8000   1 x  C3H7O2N                               89.0540
    8000  18 x  H2O                                   18.0150
    8000   2 x  H3OCl                                 54.4730
 Total number of molecules: 21
 Total number of atoms: 77
 Total system mass:  522.27
Iteration Freq. Molecular formula               Molecular mass
    8250   1 x  C3H7O2N                               89.0540
    8250  18 x  H2O                                   18.0150
    8250   2 x  H3OCl                                 54.4730
 Total number of molecules: 21
 Total number of atoms: 77
 Total system mass:  522.27
Iteration Freq. Molecular formula               Molecular mass
    8500   1 x  C3H7O2N                               89.0540
    8500  20 x  H2O                                   18.0150
    8500   2 x  HCl                                   36.4580
 Total number of molecules: 23
 Total number of atoms: 77
 Total system mass:  522.27
Iteration Freq. Molecular formula               Molecular mass
    8750   1 x  C3H7O2N                               89.0540
    8750  19 x  H2O                                   18.0150
    8750   1 x  H3OCl                                 54.4730
    8750   1 x  HCl                                   36.4580
 Total number of molecules: 22
 Total number of atoms: 77
 Total system mass:  522.27
Iteration Freq. Molecular formula               Molecular mass
    9000   1 x  C3H7O2N                               89.0540
    9000  18 x  H2O                                   18.0150
    9000   2 x  H3OCl                                 54.4730
 Total number of molecules: 21
 Total number of atoms: 77
 Total system mass:  522.27
Iteration Freq. Molecular formula               Molecular mass
    9250   1 x  C3H7O2N                               89.0540
    9250  19 x  H2O                                   18.0150
    9250   1 x  H3OCl                                 54.4730
    9250   1 x  HCl                                   36.4580
 Total number of molecules: 22
 Total number of atoms: 77
 Total system mass:  522.27
Iteration Freq. Molecular formula               Molecular mass
    9500   1 x  C3H7O2N                               89.0540
    9500  19 x  H2O                                   18.0150
    9500   1 x  H3OCl                                 54.4730
    9500   1 x  HCl                                   36.4580
 Total number of molecules: 22
 Total number of atoms: 77
 Total system mass:  522.27
Iteration Freq. Molecular formula               Molecular mass
    9750   1 x  C3H7O2N                               89.0540
    9750  18 x  H2O                                   18.0150
    9750   2 x  H3OCl                                 54.4730
 Total number of molecules: 21
 Total number of atoms: 77
 Total system mass:  522.27
Iteration Freq. Molecular formula               Molecular mass
   10000   1 x  C3H7O2N                               89.0540
   10000  18 x  H2O                                   18.0150
   10000   2 x  H3OCl                                 54.4730
 Total number of molecules: 21
 Total number of atoms: 77
 Total system mass:  522.27
Iteration Freq. Molecular formula               Molecular mass
   10000   1 x  C3H7O2N                               89.0540
   10000  18 x  H2O                                   18.0150
   10000   2 x  H3OCl                                 54.4730
 Total number of molecules: 21
 Total number of atoms: 77
 Total system mass:  522.27
